<?xml version="1.0" encoding="UTF-8"?>
<!-- Generated by org.testng.reporters.JUnitReportReporter -->
<testsuite hostname="DESKTOP-OCIILT7" name="com.selenium.testscripts.TS1" tests="1" failures="0" timestamp="5 Dec 2017 03:30:40 GMT" time="44.359" errors="0">
  <testcase name="addItemtokart" time="44.359" classname="com.selenium.testscripts.TS1"/>
</testsuite> <!-- com.selenium.testscripts.TS1 -->
